<?xml version="1.0" encoding="UTF-8"?>
<testng-results ignored="8" total="15" passed="7" failed="0" skipped="0">
  <reporter-output>
  </reporter-output>
  <suite started-at="2022-06-27T12:39:40 EDT" name="DSAlgoProject" finished-at="2022-06-27T12:39:57 EDT" duration-ms="16639">
    <groups>
    </groups>
    <test started-at="2022-06-27T12:39:40 EDT" name="getstarted" finished-at="2022-06-27T12:39:57 EDT" duration-ms="16639">
      <class name="com.DSAlgo.Testcases.HomePageTest">
        <test-method signature="SignInTest()[pri:2, instance:com.DSAlgo.Testcases.HomePageTest@1ce24091]" started-at="2022-06-27T12:39:46 EDT" name="SignInTest" finished-at="2022-06-27T12:39:46 EDT" duration-ms="216" status="PASS">
          <reporter-output>
          </reporter-output>
        </test-method> <!-- SignInTest -->
      </class> <!-- com.DSAlgo.Testcases.HomePageTest -->
      <class name="com.DSAlgo.Testcases.LoginTestcase_Tc">
        <test-method signature="SigninPage(java.lang.String,java.lang.String)[pri:3, instance:com.DSAlgo.Testcases.LoginTestcase_Tc@5dda768f]" started-at="2022-06-27T12:39:47 EDT" name="SigninPage" data-provider="Logincredentials" finished-at="2022-06-27T12:39:48 EDT" duration-ms="431" status="PASS">
          <params>
            <param index="0">
              <value>
                <![CDATA[Srujana124]]>
              </value>
            </param>
            <param index="1">
              <value>
                <![CDATA[Password322]]>
              </value>
            </param>
          </params>
          <reporter-output>
          </reporter-output>
        </test-method> <!-- SigninPage -->
        <test-method signature="SigninPage(java.lang.String,java.lang.String)[pri:3, instance:com.DSAlgo.Testcases.LoginTestcase_Tc@5dda768f]" started-at="2022-06-27T12:39:48 EDT" name="SigninPage" data-provider="Logincredentials" finished-at="2022-06-27T12:39:48 EDT" duration-ms="428" status="PASS">
          <params>
            <param index="0">
              <value>
                <![CDATA[Srujana125]]>
              </value>
            </param>
            <param index="1">
              <value>
                <![CDATA[Password323]]>
              </value>
            </param>
          </params>
          <reporter-output>
          </reporter-output>
        </test-method> <!-- SigninPage -->
        <test-method signature="SigninPage(java.lang.String,java.lang.String)[pri:3, instance:com.DSAlgo.Testcases.LoginTestcase_Tc@5dda768f]" started-at="2022-06-27T12:39:48 EDT" name="SigninPage" data-provider="Logincredentials" finished-at="2022-06-27T12:39:48 EDT" duration-ms="406" status="PASS">
          <params>
            <param index="0">
              <value>
                <![CDATA[Srujana126]]>
              </value>
            </param>
            <param index="1">
              <value>
                <![CDATA[Password324]]>
              </value>
            </param>
          </params>
          <reporter-output>
          </reporter-output>
        </test-method> <!-- SigninPage -->
        <test-method signature="SigninPage(java.lang.String,java.lang.String)[pri:3, instance:com.DSAlgo.Testcases.LoginTestcase_Tc@5dda768f]" started-at="2022-06-27T12:39:48 EDT" name="SigninPage" data-provider="Logincredentials" finished-at="2022-06-27T12:39:49 EDT" duration-ms="624" status="PASS">
          <params>
            <param index="0">
              <value>
                <![CDATA[Srujana123]]>
              </value>
            </param>
            <param index="1">
              <value>
                <![CDATA[Password321]]>
              </value>
            </param>
          </params>
          <reporter-output>
          </reporter-output>
        </test-method> <!-- SigninPage -->
      </class> <!-- com.DSAlgo.Testcases.LoginTestcase_Tc -->
      <class name="com.DSAlgo.Testcases.GetStartedPageTest">
        <test-method is-config="true" signature="Startbrowser(java.lang.String)[pri:0, instance:com.DSAlgo.Testcases.GetStartedPageTest@3d285d7e]" started-at="2022-06-27T12:39:41 EDT" name="Startbrowser" finished-at="2022-06-27T12:39:45 EDT" duration-ms="4506" status="PASS">
          <params>
            <param index="0">
              <value>
                <![CDATA[chrome]]>
              </value>
            </param>
          </params>
          <reporter-output>
          </reporter-output>
        </test-method> <!-- Startbrowser -->
        <test-method signature="getstarted()[pri:1, instance:com.DSAlgo.Testcases.GetStartedPageTest@3d285d7e]" started-at="2022-06-27T12:39:45 EDT" name="getstarted" finished-at="2022-06-27T12:39:46 EDT" duration-ms="474" status="PASS">
          <reporter-output>
          </reporter-output>
        </test-method> <!-- getstarted -->
        <test-method is-config="true" signature="teardown()[pri:0, instance:com.DSAlgo.Testcases.GetStartedPageTest@3d285d7e]" started-at="2022-06-27T12:39:56 EDT" name="teardown" finished-at="2022-06-27T12:39:57 EDT" duration-ms="721" status="PASS">
          <reporter-output>
          </reporter-output>
        </test-method> <!-- teardown -->
      </class> <!-- com.DSAlgo.Testcases.GetStartedPageTest -->
      <class name="com.DSAlgo.Testcases.QueueTest">
        <test-method signature="ClickQueueTest()[pri:0, instance:com.DSAlgo.Testcases.QueueTest@7a8c8dcf]" started-at="2022-06-27T12:39:49 EDT" name="ClickQueueTest" finished-at="2022-06-27T12:39:56 EDT" duration-ms="7064" status="PASS">
          <reporter-output>
          </reporter-output>
        </test-method> <!-- ClickQueueTest -->
      </class> <!-- com.DSAlgo.Testcases.QueueTest -->
    </test> <!-- getstarted -->
  </suite> <!-- DSAlgoProject -->
</testng-results>
