<?xml version="1.0" encoding="UTF-8"?>
<testng-results ignored="0" total="3" passed="2" failed="1" skipped="0">
  <reporter-output>
  </reporter-output>
  <suite started-at="2022-06-18T17:50:05 EDT" name="DSAlgoProject" finished-at="2022-06-18T17:50:48 EDT" duration-ms="43137">
    <groups>
    </groups>
    <test started-at="2022-06-18T17:50:05 EDT" name="getstarted" finished-at="2022-06-18T17:50:48 EDT" duration-ms="43137">
      <class name="com.DSAlgo.Testcases.HomePageTest">
        <test-method is-config="true" signature="Startbrowser(java.lang.String)[pri:0, instance:com.DSAlgo.Testcases.HomePageTest@557caf28]" started-at="2022-06-18T17:50:18 EDT" name="Startbrowser" finished-at="2022-06-18T17:50:24 EDT" duration-ms="6211" status="PASS">
          <params>
            <param index="0">
              <value>
                <![CDATA[chrome]]>
              </value>
            </param>
          </params>
          <reporter-output>
          </reporter-output>
        </test-method> <!-- Startbrowser -->
        <test-method signature="Login()[pri:2, instance:com.DSAlgo.Testcases.HomePageTest@557caf28]" started-at="2022-06-18T17:50:24 EDT" name="Login" finished-at="2022-06-18T17:50:27 EDT" duration-ms="3022" status="PASS">
          <reporter-output>
          </reporter-output>
        </test-method> <!-- Login -->
      </class> <!-- com.DSAlgo.Testcases.HomePageTest -->
      <class name="com.DSAlgo.Testcases.LoginTestcase_Tc">
        <test-method is-config="true" signature="Startbrowser(java.lang.String)[pri:0, instance:com.DSAlgo.Testcases.LoginTestcase_Tc@408d971b]" started-at="2022-06-18T17:50:27 EDT" name="Startbrowser" finished-at="2022-06-18T17:50:33 EDT" duration-ms="5847" status="PASS">
          <params>
            <param index="0">
              <value>
                <![CDATA[chrome]]>
              </value>
            </param>
          </params>
          <reporter-output>
          </reporter-output>
        </test-method> <!-- Startbrowser -->
        <test-method signature="SigninPage()[pri:3, instance:com.DSAlgo.Testcases.LoginTestcase_Tc@408d971b]" started-at="2022-06-18T17:50:33 EDT" name="SigninPage" finished-at="2022-06-18T17:50:48 EDT" duration-ms="15149" status="FAIL">
          <exception class="org.openqa.selenium.NoSuchElementException">
            <message>
              <![CDATA[Unable to find element with locator By.name: username
For documentation on this error, please visit: https://selenium.dev/exceptions/#no_such_element
Build info: version: '4.2.1', revision: 'ac4d0fdd4a'
System info: host: 'GWTN156-11', ip: '192.168.1.104', os.name: 'Windows 10', os.arch: 'amd64', os.version: '10.0', java.version: '17.0.1'
Driver info: driver.version: RemoteWebDriver]]>
            </message>
            <full-stacktrace>
              <![CDATA[org.openqa.selenium.NoSuchElementException: Unable to find element with locator By.name: username
For documentation on this error, please visit: https://selenium.dev/exceptions/#no_such_element
Build info: version: '4.2.1', revision: 'ac4d0fdd4a'
System info: host: 'GWTN156-11', ip: '192.168.1.104', os.name: 'Windows 10', os.arch: 'amd64', os.version: '10.0', java.version: '17.0.1'
Driver info: driver.version: RemoteWebDriver
at org.openqa.selenium.remote.ElementLocation$ElementFinder$2.findElement(ElementLocation.java:165)
at org.openqa.selenium.remote.ElementLocation.findElement(ElementLocation.java:66)
at org.openqa.selenium.remote.RemoteWebDriver.findElement(RemoteWebDriver.java:369)
at org.openqa.selenium.remote.RemoteWebDriver.findElement(RemoteWebDriver.java:361)
at org.openqa.selenium.support.pagefactory.DefaultElementLocator.findElement(DefaultElementLocator.java:70)
at org.openqa.selenium.support.pagefactory.internal.LocatingElementHandler.invoke(LocatingElementHandler.java:39)
at jdk.proxy2/jdk.proxy2.$Proxy21.sendKeys(Unknown Source)
at com.DSAlgo.pageobjects.LoginPage.TypeUsername(LoginPage.java:38)
at com.DSAlgo.Testcases.LoginTestcase_Tc.SigninPage(LoginTestcase_Tc.java:24)
at java.base/jdk.internal.reflect.NativeMethodAccessorImpl.invoke0(Native Method)
at java.base/jdk.internal.reflect.NativeMethodAccessorImpl.invoke(NativeMethodAccessorImpl.java:77)
at java.base/jdk.internal.reflect.DelegatingMethodAccessorImpl.invoke(DelegatingMethodAccessorImpl.java:43)
at java.base/java.lang.reflect.Method.invoke(Method.java:568)
at org.testng.internal.invokers.MethodInvocationHelper.invokeMethod(MethodInvocationHelper.java:139)
at org.testng.internal.invokers.TestInvoker.invokeMethod(TestInvoker.java:677)
at org.testng.internal.invokers.TestInvoker.invokeTestMethod(TestInvoker.java:221)
at org.testng.internal.invokers.MethodRunner.runInSequence(MethodRunner.java:50)
at org.testng.internal.invokers.TestInvoker$MethodInvocationAgent.invoke(TestInvoker.java:962)
at org.testng.internal.invokers.TestInvoker.invokeTestMethods(TestInvoker.java:194)
at org.testng.internal.invokers.TestMethodWorker.invokeTestMethods(TestMethodWorker.java:148)
at org.testng.internal.invokers.TestMethodWorker.run(TestMethodWorker.java:128)
at java.base/java.util.ArrayList.forEach(ArrayList.java:1511)
at org.testng.TestRunner.privateRun(TestRunner.java:806)
at org.testng.TestRunner.run(TestRunner.java:601)
at org.testng.SuiteRunner.runTest(SuiteRunner.java:433)
at org.testng.SuiteRunner.runSequentially(SuiteRunner.java:427)
at org.testng.SuiteRunner.privateRun(SuiteRunner.java:387)
at org.testng.SuiteRunner.run(SuiteRunner.java:330)
at org.testng.SuiteRunnerWorker.runSuite(SuiteRunnerWorker.java:52)
at org.testng.SuiteRunnerWorker.run(SuiteRunnerWorker.java:95)
at org.testng.TestNG.runSuitesSequentially(TestNG.java:1256)
at org.testng.TestNG.runSuitesLocally(TestNG.java:1176)
at org.testng.TestNG.runSuites(TestNG.java:1099)
at org.testng.TestNG.run(TestNG.java:1067)
at org.testng.remote.AbstractRemoteTestNG.run(AbstractRemoteTestNG.java:115)
at org.testng.remote.RemoteTestNG.initAndRun(RemoteTestNG.java:251)
at org.testng.remote.RemoteTestNG.main(RemoteTestNG.java:77)
]]>
            </full-stacktrace>
          </exception> <!-- org.openqa.selenium.NoSuchElementException -->
          <reporter-output>
          </reporter-output>
        </test-method> <!-- SigninPage -->
      </class> <!-- com.DSAlgo.Testcases.LoginTestcase_Tc -->
      <class name="com.DSAlgo.Testcases.GetStartedPageTest">
        <test-method is-config="true" signature="Startbrowser(java.lang.String)[pri:0, instance:com.DSAlgo.Testcases.GetStartedPageTest@13c9d689]" started-at="2022-06-18T17:50:05 EDT" name="Startbrowser" finished-at="2022-06-18T17:50:13 EDT" duration-ms="8615" status="PASS">
          <params>
            <param index="0">
              <value>
                <![CDATA[chrome]]>
              </value>
            </param>
          </params>
          <reporter-output>
          </reporter-output>
        </test-method> <!-- Startbrowser -->
        <test-method signature="getstarted()[pri:1, instance:com.DSAlgo.Testcases.GetStartedPageTest@13c9d689]" started-at="2022-06-18T17:50:14 EDT" name="getstarted" finished-at="2022-06-18T17:50:18 EDT" duration-ms="4198" status="PASS">
          <reporter-output>
          </reporter-output>
        </test-method> <!-- getstarted -->
      </class> <!-- com.DSAlgo.Testcases.GetStartedPageTest -->
    </test> <!-- getstarted -->
  </suite> <!-- DSAlgoProject -->
</testng-results>
