<?xml version="1.0" encoding="UTF-8"?>
<!-- Generated by org.testng.reporters.JUnitXMLReporter -->
<testsuite ignored="8" hostname="chakri" failures="0" tests="7" name="getstarted" time="16.639" errors="0" timestamp="2022-06-27T12:39:57 EDT">
  <testcase classname="com.DSAlgo.Testcases.GetStartedPageTest" name="getstarted" time="0.474"/>
  <testcase classname="com.DSAlgo.Testcases.HomePageTest" name="SignInTest" time="0.216"/>
  <testcase classname="com.DSAlgo.Testcases.LoginTestcase_Tc" name="SigninPage" time="0.431"/>
  <testcase classname="com.DSAlgo.Testcases.LoginTestcase_Tc" name="SigninPage" time="0.428"/>
  <testcase classname="com.DSAlgo.Testcases.LoginTestcase_Tc" name="SigninPage" time="0.406"/>
  <testcase classname="com.DSAlgo.Testcases.LoginTestcase_Tc" name="SigninPage" time="0.624"/>
  <testcase classname="com.DSAlgo.Testcases.QueueTest" name="ClickQueueTest" time="7.064"/>
  <testcase classname="com.DSAlgo.Testcases.BaseClass" name="@BeforeTest Startbrowser" time="0.0">
    <ignored/>
  </testcase> <!-- @BeforeTest Startbrowser -->
  <testcase classname="com.DSAlgo.Testcases.BaseClass" name="@AfterTest teardown" time="0.0">
    <ignored/>
  </testcase> <!-- @AfterTest teardown -->
  <testcase classname="com.DSAlgo.Testcases.BaseClass" name="@BeforeTest Startbrowser" time="0.0">
    <ignored/>
  </testcase> <!-- @BeforeTest Startbrowser -->
  <testcase classname="com.DSAlgo.Testcases.BaseClass" name="@BeforeTest Startbrowser" time="0.0">
    <ignored/>
  </testcase> <!-- @BeforeTest Startbrowser -->
  <testcase classname="com.DSAlgo.Testcases.BaseClass" name="@AfterTest teardown" time="0.0">
    <ignored/>
  </testcase> <!-- @AfterTest teardown -->
  <testcase classname="com.DSAlgo.Testcases.BaseClass" name="@AfterTest teardown" time="0.0">
    <ignored/>
  </testcase> <!-- @AfterTest teardown -->
  <testcase classname="com.DSAlgo.Testcases.BaseClass" name="@AfterTest teardown" time="0.0">
    <ignored/>
  </testcase> <!-- @AfterTest teardown -->
  <testcase classname="com.DSAlgo.Testcases.BaseClass" name="@BeforeTest Startbrowser" time="0.0">
    <ignored/>
  </testcase> <!-- @BeforeTest Startbrowser -->
</testsuite> <!-- getstarted -->
