<?xml version="1.0" encoding="UTF-8"?>
<!-- Generated by org.testng.reporters.JUnitXMLReporter -->
<testsuite ignored="0" hostname="GWTN156-11" failures="0" tests="1" name="getstartedpage" time="4.843" errors="0" timestamp="2022-06-05T18:11:23 EDT">
  <testcase classname="com.DSAlgo.Testcases.BaseClass" name="@BeforeClass Startbrowser" time="4.716">
    <failure type="java.lang.NullPointerException" message="Cannot invoke &amp;quot;org.openqa.selenium.WebDriver.manage()&amp;quot; because &amp;quot;com.DSAlgo.Testcases.BaseClass.driver&amp;quot; is null">
      <![CDATA[java.lang.NullPointerException: Cannot invoke "org.openqa.selenium.WebDriver.manage()" because "com.DSAlgo.Testcases.BaseClass.driver" is null
at com.DSAlgo.Testcases.BaseClass.Startbrowser(BaseClass.java:58)
at java.base/java.util.ArrayList.forEach(ArrayList.java:1511)
... Removed 25 stack frames]]>
    </failure>
  </testcase> <!-- @BeforeClass Startbrowser -->
  <testcase classname="com.DSAlgo.Testcases.BaseClass" name="@AfterClass teardown" time="0.0">
    <skipped/>
  </testcase> <!-- @AfterClass teardown -->
  <testcase classname="com.DSAlgo.Testcases.GetStartedPageTest" name="getstarted" time="0.0">
    <skipped/>
  </testcase> <!-- getstarted -->
</testsuite> <!-- getstartedpage -->
