<?xml version="1.0" encoding="UTF-8"?>
<!-- Generated by org.testng.reporters.JUnitXMLReporter -->
<testsuite ignored="8" hostname="chakri" failures="0" tests="7" name="getstarted" time="19.495" errors="0" timestamp="2022-06-27T01:25:55 EDT">
  <testcase classname="com.DSAlgo.Testcases.GetStartedPageTest" name="getstarted" time="0.661"/>
  <testcase classname="com.DSAlgo.Testcases.HomePageTest" name="SignInTest" time="0.612"/>
  <testcase classname="com.DSAlgo.Testcases.LoginTestcase_Tc" name="SigninPage" time="0.669"/>
  <testcase classname="com.DSAlgo.Testcases.LoginTestcase_Tc" name="SigninPage" time="0.659"/>
  <testcase classname="com.DSAlgo.Testcases.LoginTestcase_Tc" name="SigninPage" time="0.719"/>
  <testcase classname="com.DSAlgo.Testcases.LoginTestcase_Tc" name="SigninPage" time="0.897"/>
  <testcase classname="com.DSAlgo.Testcases.QueueTest" name="ClickQueueTest" time="7.994"/>
  <testcase classname="com.DSAlgo.Testcases.BaseClass" name="@AfterTest teardown" time="0.0">
    <ignored/>
  </testcase> <!-- @AfterTest teardown -->
  <testcase classname="com.DSAlgo.Testcases.BaseClass" name="@BeforeTest Startbrowser" time="0.0">
    <ignored/>
  </testcase> <!-- @BeforeTest Startbrowser -->
  <testcase classname="com.DSAlgo.Testcases.BaseClass" name="@BeforeTest Startbrowser" time="0.0">
    <ignored/>
  </testcase> <!-- @BeforeTest Startbrowser -->
  <testcase classname="com.DSAlgo.Testcases.BaseClass" name="@AfterTest teardown" time="0.0">
    <ignored/>
  </testcase> <!-- @AfterTest teardown -->
  <testcase classname="com.DSAlgo.Testcases.BaseClass" name="@AfterTest teardown" time="0.0">
    <ignored/>
  </testcase> <!-- @AfterTest teardown -->
  <testcase classname="com.DSAlgo.Testcases.BaseClass" name="@AfterTest teardown" time="0.0">
    <ignored/>
  </testcase> <!-- @AfterTest teardown -->
  <testcase classname="com.DSAlgo.Testcases.BaseClass" name="@BeforeTest Startbrowser" time="0.0">
    <ignored/>
  </testcase> <!-- @BeforeTest Startbrowser -->
  <testcase classname="com.DSAlgo.Testcases.BaseClass" name="@BeforeTest Startbrowser" time="0.0">
    <ignored/>
  </testcase> <!-- @BeforeTest Startbrowser -->
</testsuite> <!-- getstarted -->
